<?xml version="1.0" encoding="UTF-8"?>
<!-- Generated by org.testng.reporters.JUnitReportReporter -->
<testsuite hostname="Gangadhars-MBP" failures="0" tests="1" name="test.TestExamples" time="1.899" errors="0" timestamp="2021-10-21T11:17:48 EDT" skipped="0">
  <testcase classname="test.TestExamples" name="deleteUsers" time="1.899"/>
  <system-out/>
</testsuite> <!-- test.TestExamples -->
