<?xml version="1.0" encoding="UTF-8"?>
<!-- Generated by org.testng.reporters.JUnitReportReporter -->
<testsuite hostname="Gangadhars-MBP" failures="0" tests="1" name="test.JSONSchemaValidator" time="2.633" errors="0" timestamp="2021-10-21T15:18:18 EDT" skipped="0">
  <testcase classname="test.JSONSchemaValidator" name="getUsers2" time="2.633"/>
  <system-out/>
</testsuite> <!-- test.JSONSchemaValidator -->
