<?xml version="1.0" encoding="UTF-8"?>
<!-- Generated by org.testng.reporters.JUnitReportReporter -->
<testsuite hostname="Gangadhars-MBP" failures="0" tests="1" name="test.TestsOnLocalAPI" time="1.371" errors="0" timestamp="2021-10-21T14:00:21 EDT" skipped="0">
  <testcase classname="test.TestsOnLocalAPI" name="deleteUser" time="1.371"/>
  <system-out/>
</testsuite> <!-- test.TestsOnLocalAPI -->
